wifi_data_sharing/build/outputs/logs/manifest-merger-debug-report.txt
-- Merging decision tree log ---
manifest
ADDED from src\main\AndroidManifest.xml:3:1-115:12
INJECTED from src\main\AndroidManifest.xml:3:1-115:12
INJECTED from src\main\AndroidManifest.xml:3:1-115:12
INJECTED from src\main\AndroidManifest.xml:3:1-115:12
MERGED from [:googleplayservices_lib_airpush_enable] AndroidManifest.xml:2:1-11:12
INJECTED from src\main\AndroidManifest.xml:3:1-115:12
INJECTED from src\main\AndroidManifest.xml:3:1-115:12
INJECTED from src\main\AndroidManifest.xml:3:1-115:12
	package
		ADDED from src\main\AndroidManifest.xml:5:5-63
		INJECTED from src\main\AndroidManifest.xml
		INJECTED from src\main\AndroidManifest.xml
	android:versionName
		ADDED from src\main\AndroidManifest.xml:8:5-30
		INJECTED from src\main\AndroidManifest.xml
		INJECTED from src\main\AndroidManifest.xml
	xmlns:android
		ADDED from src\main\AndroidManifest.xml:3:11-69
	android:versionCode
		ADDED from src\main\AndroidManifest.xml:7:5-28
		INJECTED from src\main\AndroidManifest.xml
		INJECTED from src\main\AndroidManifest.xml
uses-permission#android.permission.WRITE_EXTERNAL_STORAGE
ADDED from src\main\AndroidManifest.xml:10:5-81
	android:name
		ADDED from src\main\AndroidManifest.xml:10:22-78
uses-permission#android.permission.INTERNET
ADDED from src\main\AndroidManifest.xml:11:5-67
	android:name
		ADDED from src\main\AndroidManifest.xml:11:22-64
uses-permission#android.permission.ACCESS_NETWORK_STATE
ADDED from src\main\AndroidManifest.xml:12:5-79
	android:name
		ADDED from src\main\AndroidManifest.xml:12:22-76
uses-permission#android.permission.ACCESS_WIFI_STATE
ADDED from src\main\AndroidManifest.xml:13:5-76
	android:name
		ADDED from src\main\AndroidManifest.xml:13:22-73
uses-permission#android.permission.WAKE_LOCK
ADDED from src\main\AndroidManifest.xml:14:5-68
	android:name
		ADDED from src\main\AndroidManifest.xml:14:22-65
uses-permission#android.permission.CHANGE_WIFI_STATE
ADDED from src\main\AndroidManifest.xml:15:5-76
	android:name
		ADDED from src\main\AndroidManifest.xml:15:22-73
uses-permission#android.permission.READ_PHONE_STATE
ADDED from src\main\AndroidManifest.xml:19:2-71
	android:name
		ADDED from src\main\AndroidManifest.xml:19:19-69
uses-permission#android.permission.SYSTEM_ALERT_WINDOW
ADDED from src\main\AndroidManifest.xml:20:2-74
	android:name
		ADDED from src\main\AndroidManifest.xml:20:19-72
uses-permission#android.permission.GET_TASKS
ADDED from src\main\AndroidManifest.xml:21:2-64
	android:name
		ADDED from src\main\AndroidManifest.xml:21:19-62
uses-sdk
ADDED from src\main\AndroidManifest.xml:26:5-28:41
INJECTED from src\main\AndroidManifest.xml:26:5-28:41
INJECTED from src\main\AndroidManifest.xml:26:5-28:41
MERGED from [:googleplayservices_lib_airpush_enable] AndroidManifest.xml:7:5-9:40
MERGED from [:googleplayservices_lib_airpush_enable] AndroidManifest.xml:7:5-9:40
INJECTED from src\main\AndroidManifest.xml:26:5-28:41
INJECTED from src\main\AndroidManifest.xml:26:5-28:41
	android:targetSdkVersion
		ADDED from src\main\AndroidManifest.xml:28:9-38
		INJECTED from src\main\AndroidManifest.xml
		INJECTED from src\main\AndroidManifest.xml
	android:minSdkVersion
		ADDED from src\main\AndroidManifest.xml:27:9-34
		INJECTED from src\main\AndroidManifest.xml
		INJECTED from src\main\AndroidManifest.xml
application
ADDED from src\main\AndroidManifest.xml:30:5-113:19
	android:label
		ADDED from src\main\AndroidManifest.xml:33:9-41
	android:icon
		ADDED from src\main\AndroidManifest.xml:34:9-50
	android:allowBackup
		ADDED from src\main\AndroidManifest.xml:32:9-35
	android:theme
		ADDED from src\main\AndroidManifest.xml:35:9-62
	android:name
		ADDED from src\main\AndroidManifest.xml:31:9-85
meta-data#com.google.android.gms.version
ADDED from src\main\AndroidManifest.xml:37:10-39:69
	android:value
		ADDED from src\main\AndroidManifest.xml:39:13-66
	android:name
		ADDED from src\main\AndroidManifest.xml:38:13-58
activity#com.sharing.file.data.ftp.transfer.free.ftpshare.gui.FTP_Start_Stop
ADDED from src\main\AndroidManifest.xml:41:9-50:20
	android:screenOrientation
		ADDED from src\main\AndroidManifest.xml:42:13-49
	android:name
		ADDED from src\main\AndroidManifest.xml:41:19-101
intent-filter#action:name:android.intent.action.MAIN+category:name:android.intent.category.LAUNCHER
ADDED from src\main\AndroidManifest.xml:45:13-49:29
action#android.intent.action.MAIN
ADDED from src\main\AndroidManifest.xml:46:17-69
	android:name
		ADDED from src\main\AndroidManifest.xml:46:25-66
category#android.intent.category.LAUNCHER
ADDED from src\main\AndroidManifest.xml:48:17-77
	android:name
		ADDED from src\main\AndroidManifest.xml:48:27-74
service#com.sharing.file.data.ftp.transfer.free.ftpshare.FtpServerService
ADDED from src\main\AndroidManifest.xml:52:9-101
	android:name
		ADDED from src\main\AndroidManifest.xml:52:18-98
receiver#com.sharing.file.data.ftp.transfer.free.ftpshare.gui.ServerRunningNotification
ADDED from src\main\AndroidManifest.xml:54:9-61:20
	android:exported
		ADDED from src\main\AndroidManifest.xml:56:13-37
	android:name
		ADDED from src\main\AndroidManifest.xml:55:13-106
intent-filter#action:name:be.ppareit.swiftp.FTPSERVER_STARTED+action:name:be.ppareit.swiftp.FTPSERVER_STOPPED
ADDED from src\main\AndroidManifest.xml:57:13-60:29
action#be.ppareit.swiftp.FTPSERVER_STARTED
ADDED from src\main\AndroidManifest.xml:58:17-78
	android:name
		ADDED from src\main\AndroidManifest.xml:58:25-75
action#be.ppareit.swiftp.FTPSERVER_STOPPED
ADDED from src\main\AndroidManifest.xml:59:17-78
	android:name
		ADDED from src\main\AndroidManifest.xml:59:25-75
receiver#com.sharing.file.data.ftp.transfer.free.ftpshare.RequestStartStopReceiver
ADDED from src\main\AndroidManifest.xml:63:9-70:20
	android:exported
		ADDED from src\main\AndroidManifest.xml:65:13-36
	android:name
		ADDED from src\main\AndroidManifest.xml:64:13-101
intent-filter#action:name:be.ppareit.swiftp.ACTION_START_FTPSERVER+action:name:be.ppareit.swiftp.ACTION_STOP_FTPSERVER
ADDED from src\main\AndroidManifest.xml:66:13-69:29
action#be.ppareit.swiftp.ACTION_START_FTPSERVER
ADDED from src\main\AndroidManifest.xml:67:17-83
	android:name
		ADDED from src\main\AndroidManifest.xml:67:25-80
action#be.ppareit.swiftp.ACTION_STOP_FTPSERVER
ADDED from src\main\AndroidManifest.xml:68:17-82
	android:name
		ADDED from src\main\AndroidManifest.xml:68:25-79
receiver#com.sharing.file.data.ftp.transfer.free.ftpshare.gui.FsWidgetProvider
ADDED from src\main\AndroidManifest.xml:72:9-85:20
	android:label
		ADDED from src\main\AndroidManifest.xml:75:13-45
	android:icon
		ADDED from src\main\AndroidManifest.xml:74:13-45
	android:name
		ADDED from src\main\AndroidManifest.xml:73:13-97
intent-filter#action:name:android.appwidget.action.APPWIDGET_UPDATE+action:name:be.ppareit.swiftp.FTPSERVER_STARTED+action:name:be.ppareit.swiftp.FTPSERVER_STOPPED
ADDED from src\main\AndroidManifest.xml:76:13-80:29
action#android.appwidget.action.APPWIDGET_UPDATE
ADDED from src\main\AndroidManifest.xml:77:17-84
	android:name
		ADDED from src\main\AndroidManifest.xml:77:25-81
meta-data#android.appwidget.provider
ADDED from src\main\AndroidManifest.xml:82:13-84:55
	android:resource
		ADDED from src\main\AndroidManifest.xml:84:17-52
	android:name
		ADDED from src\main\AndroidManifest.xml:83:17-58
service#com.sharing.file.data.ftp.transfer.free.ftpshare.gui.FsWidgetProvider$UpdateService
ADDED from src\main\AndroidManifest.xml:87:9-119
	android:name
		ADDED from src\main\AndroidManifest.xml:87:18-116
activity#com.sharing.file.data.ftp.transfer.free.ftpshare.gui.ServerPreferenceActivity
ADDED from src\main\AndroidManifest.xml:89:9-92:20
	android:screenOrientation
		ADDED from src\main\AndroidManifest.xml:91:13-49
	android:name
		ADDED from src\main\AndroidManifest.xml:90:13-105
activity#com.sharing.file.data.ftp.transfer.free.ftpshare.gui.MainActivity
ADDED from src\main\AndroidManifest.xml:93:16-96:20
	android:screenOrientation
		ADDED from src\main\AndroidManifest.xml:95:13-49
	android:name
		ADDED from src\main\AndroidManifest.xml:94:13-93
activity#com.google.android.gms.ads.AdActivity
ADDED from src\main\AndroidManifest.xml:98:5-100:125
	android:configChanges
		ADDED from src\main\AndroidManifest.xml:100:13-122
	android:name
		ADDED from src\main\AndroidManifest.xml:99:13-65
activity#com.startapp.android.publish.list3d.List3DActivity
ADDED from src\main\AndroidManifest.xml:101:9-103:52
	android:theme
		ADDED from src\main\AndroidManifest.xml:103:13-49
	android:name
		ADDED from src\main\AndroidManifest.xml:102:13-78
activity#com.startapp.android.publish.AppWallActivity
ADDED from src\main\AndroidManifest.xml:104:9-107:64
	android:configChanges
		ADDED from src\main\AndroidManifest.xml:106:13-74
	android:theme
		ADDED from src\main\AndroidManifest.xml:107:13-61
	android:name
		ADDED from src\main\AndroidManifest.xml:105:13-72
meta-data#com.startapp.android.DEV_ID
ADDED from src\main\AndroidManifest.xml:109:1-82
	android:value
		ADDED from src\main\AndroidManifest.xml:109:55-80
	android:name
		ADDED from src\main\AndroidManifest.xml:109:12-54
meta-data#com.startapp.android.APP_ID
ADDED from src\main\AndroidManifest.xml:110:1-82
	android:value
		ADDED from src\main\AndroidManifest.xml:110:55-80
	android:name
		ADDED from src\main\AndroidManifest.xml:110:12-54